<?xml version="1.0" encoding="UTF-8"?>
<testsuite name="JUnit Vintage" tests="1" skipped="0" failures="0" errors="0" time="0.019" hostname="vibhatha-ThinkPad-P50" timestamp="2018-07-20T13:14:24">
<properties>
[...]
</properties>
<testcase name="simpleTest" classname="edu.iu.dsc.spidal.fileprocessor.test.BinaryFileProcessorTest" time="0.002">
<system-out><![CDATA[
unique-id: [engine:junit-vintage]/[runner:edu.iu.dsc.spidal.fileprocessor.test.BinaryFileProcessorTest]/[test:simpleTest(edu.iu.dsc.spidal.fileprocessor.test.BinaryFileProcessorTest)]
display-name: simpleTest
]]></system-out>
</testcase>
<system-out><![CDATA[
unique-id: [engine:junit-vintage]
display-name: JUnit Vintage
]]></system-out>
</testsuite>
